<?xml version="1.0" encoding="UTF-8"?>
<coverage generated="1598518825321" clover="3.2.0">
  <project timestamp="1598518825321" name="All files">
    <metrics statements="128" coveredstatements="111" conditionals="47" coveredconditionals="31" methods="30" coveredmethods="21" elements="205" coveredelements="163" complexity="0" loc="128" ncloc="128" packages="5" files="12" classes="12"/>
    <package name="NumberGame">
      <metrics statements="5" coveredstatements="5" conditionals="0" coveredconditionals="0" methods="2" coveredmethods="2"/>
      <file name="App.js" path="/Users/faizal/Documents/Learning/NumberGame/App.js">
        <metrics statements="5" coveredstatements="5" conditionals="0" coveredconditionals="0" methods="2" coveredmethods="2"/>
        <line num="32" count="11" type="stmt"/>
        <line num="35" count="11" type="stmt"/>
        <line num="43" count="11" type="stmt"/>
        <line num="45" count="11" type="stmt"/>
        <line num="48" count="11" type="stmt"/>
      </file>
    </package>
    <package name="NumberGame.assets">
      <metrics statements="1" coveredstatements="1" conditionals="0" coveredconditionals="0" methods="0" coveredmethods="0"/>
      <file name="index.js" path="/Users/faizal/Documents/Learning/NumberGame/assets/index.js">
        <metrics statements="1" coveredstatements="1" conditionals="0" coveredconditionals="0" methods="0" coveredmethods="0"/>
        <line num="1" count="1" type="stmt"/>
      </file>
    </package>
    <package name="NumberGame.src.component.complex">
      <metrics statements="5" coveredstatements="5" conditionals="9" coveredconditionals="9" methods="4" coveredmethods="4"/>
      <file name="card.js" path="/Users/faizal/Documents/Learning/NumberGame/src/component/complex/card.js">
        <metrics statements="5" coveredstatements="5" conditionals="9" coveredconditionals="9" methods="4" coveredmethods="4"/>
        <line num="24" count="1" type="stmt"/>
        <line num="27" count="348" type="stmt"/>
        <line num="28" count="696" type="stmt"/>
        <line num="29" count="23" type="cond" truecount="2" falsecount="0"/>
        <line num="36" count="1" type="cond" truecount="3" falsecount="0"/>
      </file>
    </package>
    <package name="NumberGame.src.shared">
      <metrics statements="43" coveredstatements="38" conditionals="19" coveredconditionals="11" methods="6" coveredmethods="4"/>
      <file name="colors.js" path="/Users/faizal/Documents/Learning/NumberGame/src/shared/colors.js">
        <metrics statements="1" coveredstatements="1" conditionals="0" coveredconditionals="0" methods="0" coveredmethods="0"/>
        <line num="10" count="1" type="stmt"/>
      </file>
      <file name="constant.js" path="/Users/faizal/Documents/Learning/NumberGame/src/shared/constant.js">
        <metrics statements="1" coveredstatements="1" conditionals="0" coveredconditionals="0" methods="0" coveredmethods="0"/>
        <line num="12" count="1" type="stmt"/>
      </file>
      <file name="fonts.js" path="/Users/faizal/Documents/Learning/NumberGame/src/shared/fonts.js">
        <metrics statements="1" coveredstatements="1" conditionals="0" coveredconditionals="0" methods="0" coveredmethods="0"/>
        <line num="13" count="1" type="stmt"/>
      </file>
      <file name="setting.js" path="/Users/faizal/Documents/Learning/NumberGame/src/shared/setting.js">
        <metrics statements="2" coveredstatements="2" conditionals="0" coveredconditionals="0" methods="0" coveredmethods="0"/>
        <line num="15" count="1" type="stmt"/>
        <line num="16" count="1" type="stmt"/>
      </file>
      <file name="sound.js" path="/Users/faizal/Documents/Learning/NumberGame/src/shared/sound.js">
        <metrics statements="8" coveredstatements="3" conditionals="3" coveredconditionals="1" methods="3" coveredmethods="1"/>
        <line num="25" count="1" type="cond" truecount="1" falsecount="0"/>
        <line num="27" count="42" type="stmt"/>
        <line num="29" count="0" type="cond" truecount="0" falsecount="2"/>
        <line num="30" count="0" type="stmt"/>
        <line num="31" count="0" type="stmt"/>
        <line num="34" count="0" type="stmt"/>
        <line num="35" count="0" type="stmt"/>
        <line num="38" count="42" type="stmt"/>
      </file>
      <file name="stylesheet.js" path="/Users/faizal/Documents/Learning/NumberGame/src/shared/stylesheet.js">
        <metrics statements="8" coveredstatements="8" conditionals="10" coveredconditionals="5" methods="0" coveredmethods="0"/>
        <line num="22" count="1" type="stmt"/>
        <line num="47" count="1" type="stmt"/>
        <line num="153" count="1" type="stmt"/>
        <line num="171" count="1" type="stmt"/>
        <line num="190" count="1" type="stmt"/>
        <line num="199" count="1" type="stmt"/>
        <line num="207" count="1" type="stmt"/>
        <line num="210" count="1" type="stmt"/>
      </file>
      <file name="utils.js" path="/Users/faizal/Documents/Learning/NumberGame/src/shared/utils.js">
        <metrics statements="22" coveredstatements="22" conditionals="6" coveredconditionals="5" methods="3" coveredmethods="3"/>
        <line num="24" count="1" type="stmt"/>
        <line num="26" count="1" type="stmt"/>
        <line num="27" count="1" type="stmt"/>
        <line num="29" count="1" type="stmt"/>
        <line num="30" count="7" type="stmt"/>
        <line num="31" count="7" type="cond" truecount="2" falsecount="0"/>
        <line num="32" count="6" type="stmt"/>
        <line num="36" count="1" type="stmt"/>
        <line num="38" count="1" type="stmt"/>
        <line num="39" count="11" type="stmt"/>
        <line num="40" count="11" type="stmt"/>
        <line num="41" count="11" type="stmt"/>
        <line num="42" count="11" type="stmt"/>
        <line num="44" count="1" type="stmt"/>
        <line num="53" count="1" type="stmt"/>
        <line num="55" count="32" type="stmt"/>
        <line num="63" count="32" type="stmt"/>
        <line num="72" count="1" type="stmt"/>
        <line num="73" count="5" type="stmt"/>
        <line num="74" count="5" type="cond" truecount="3" falsecount="1"/>
        <line num="75" count="5" type="stmt"/>
        <line num="77" count="5" type="stmt"/>
      </file>
    </package>
    <package name="NumberGame.src.view">
      <metrics statements="74" coveredstatements="62" conditionals="19" coveredconditionals="11" methods="18" coveredmethods="11"/>
      <file name="home.js" path="/Users/faizal/Documents/Learning/NumberGame/src/view/home.js">
        <metrics statements="6" coveredstatements="5" conditionals="0" coveredconditionals="0" methods="3" coveredmethods="2"/>
        <line num="25" count="1" type="stmt"/>
        <line num="34" count="11" type="stmt"/>
        <line num="36" count="9" type="stmt"/>
        <line num="38" count="9" type="stmt"/>
        <line num="42" count="11" type="stmt"/>
        <line num="46" count="0" type="stmt"/>
      </file>
      <file name="play.js" path="/Users/faizal/Documents/Learning/NumberGame/src/view/play.js">
        <metrics statements="68" coveredstatements="57" conditionals="19" coveredconditionals="11" methods="15" coveredmethods="9"/>
        <line num="27" count="1" type="stmt"/>
        <line num="30" count="29" type="stmt"/>
        <line num="31" count="348" type="stmt"/>
        <line num="32" count="348" type="stmt"/>
        <line num="35" count="29" type="stmt"/>
        <line num="36" count="29" type="stmt"/>
        <line num="37" count="29" type="stmt"/>
        <line num="38" count="29" type="stmt"/>
        <line num="39" count="29" type="stmt"/>
        <line num="40" count="29" type="stmt"/>
        <line num="41" count="29" type="stmt"/>
        <line num="49" count="29" type="cond" truecount="1" falsecount="0"/>
        <line num="51" count="2" type="stmt"/>
        <line num="53" count="2" type="stmt"/>
        <line num="54" count="0" type="cond" truecount="0" falsecount="2"/>
        <line num="55" count="0" type="stmt"/>
        <line num="58" count="2" type="cond" truecount="1" falsecount="1"/>
        <line num="59" count="2" type="stmt"/>
        <line num="60" count="0" type="cond" truecount="0" falsecount="2"/>
        <line num="61" count="0" type="stmt"/>
        <line num="66" count="2" type="stmt"/>
        <line num="68" count="2" type="stmt"/>
        <line num="70" count="2" type="stmt"/>
        <line num="72" count="2" type="stmt"/>
        <line num="74" count="2" type="stmt"/>
        <line num="76" count="2" type="stmt"/>
        <line num="78" count="2" type="stmt"/>
        <line num="88" count="29" type="stmt"/>
        <line num="90" count="23" type="cond" truecount="1" falsecount="1"/>
        <line num="92" count="23" type="stmt"/>
        <line num="94" count="23" type="stmt"/>
        <line num="97" count="23" type="stmt"/>
        <line num="98" count="23" type="stmt"/>
        <line num="101" count="23" type="stmt"/>
        <line num="104" count="23" type="stmt"/>
        <line num="105" count="23" type="stmt"/>
        <line num="108" count="23" type="stmt"/>
        <line num="109" count="8" type="stmt"/>
        <line num="113" count="23" type="cond" truecount="2" falsecount="0"/>
        <line num="116" count="6" type="stmt"/>
        <line num="117" count="6" type="stmt"/>
        <line num="120" count="6" type="stmt"/>
        <line num="123" count="6" type="stmt"/>
        <line num="124" count="6" type="stmt"/>
        <line num="127" count="6" type="stmt"/>
        <line num="128" count="6" type="stmt"/>
        <line num="131" count="6" type="stmt"/>
        <line num="134" count="6" type="stmt"/>
        <line num="137" count="17" type="cond" truecount="2" falsecount="0"/>
        <line num="139" count="2" type="stmt"/>
        <line num="141" count="2" type="stmt"/>
        <line num="142" count="0" type="stmt"/>
        <line num="143" count="0" type="cond" truecount="0" falsecount="2"/>
        <line num="145" count="0" type="stmt"/>
        <line num="146" count="0" type="stmt"/>
        <line num="150" count="0" type="stmt"/>
        <line num="154" count="2" type="stmt"/>
        <line num="155" count="2" type="stmt"/>
        <line num="167" count="29" type="stmt"/>
        <line num="169" count="6" type="cond" truecount="2" falsecount="0"/>
        <line num="171" count="1" type="stmt"/>
        <line num="173" count="1" type="stmt"/>
        <line num="176" count="1" type="stmt"/>
        <line num="183" count="0" type="stmt"/>
        <line num="187" count="0" type="stmt"/>
        <line num="196" count="29" type="stmt"/>
        <line num="201" count="2" type="stmt"/>
        <line num="218" count="116" type="stmt"/>
      </file>
    </package>
  </project>
</coverage>
