{"/Users/faizal/Documents/Learning/NumberGame/App.js": {"path":"/Users/faizal/Documents/Learning/NumberGame/App.js","statementMap":{"0":{"start":{"line":32,"column":16},"end":{"line":32,"column":38}},"1":{"start":{"line":35,"column":26},"end":{"line":40,"column":3}},"2":{"start":{"line":43,"column":2},"end":{"line":46,"column":9}},"3":{"start":{"line":45,"column":4},"end":{"line":45,"column":55}},"4":{"start":{"line":48,"column":2},"end":{"line":58,"column":4}}},"fnMap":{"0":{"name":"(anonymous_0)","decl":{"start":{"line":29,"column":21},"end":{"line":29,"column":22}},"loc":{"start":{"line":29,"column":32},"end":{"line":59,"column":1}},"line":29},"1":{"name":"(anonymous_1)","decl":{"start":{"line":43,"column":12},"end":{"line":43,"column":13}},"loc":{"start":{"line":43,"column":18},"end":{"line":46,"column":3}},"line":43}},"branchMap":{},"s":{"0":11,"1":11,"2":11,"3":11,"4":11},"f":{"0":11,"1":11},"b":{},"_coverageSchema":"1a1c01bbd47fc00a2c39e90264f33305004495a9","hash":"4a6d588de0c4ba314500d36ceaabbd38e9bc64e3"}
,"/Users/faizal/Documents/Learning/NumberGame/assets/index.js": {"path":"/Users/faizal/Documents/Learning/NumberGame/assets/index.js","statementMap":{"0":{"start":{"line":1,"column":15},"end":{"line":3,"column":1}}},"fnMap":{},"branchMap":{},"s":{"0":1},"f":{},"b":{},"_coverageSchema":"1a1c01bbd47fc00a2c39e90264f33305004495a9","hash":"0e49e1dc24d3ec79c57bb9c82543f8c240e923b1"}
,"/Users/faizal/Documents/Learning/NumberGame/src/component/complex/card.js": {"path":"/Users/faizal/Documents/Learning/NumberGame/src/component/complex/card.js","statementMap":{"0":{"start":{"line":24,"column":24},"end":{"line":43,"column":1}},"1":{"start":{"line":27,"column":1},"end":{"line":42,"column":2}},"2":{"start":{"line":28,"column":51},"end":{"line":28,"column":85}},"3":{"start":{"line":29,"column":200},"end":{"line":29,"column":257}},"4":{"start":{"line":36,"column":257},"end":{"line":36,"column":291}}},"fnMap":{"0":{"name":"(anonymous_0)","decl":{"start":{"line":24,"column":24},"end":{"line":24,"column":25}},"loc":{"start":{"line":24,"column":35},"end":{"line":43,"column":1}},"line":24},"1":{"name":"(anonymous_1)","decl":{"start":{"line":28,"column":39},"end":{"line":28,"column":40}},"loc":{"start":{"line":28,"column":51},"end":{"line":28,"column":85}},"line":28},"2":{"name":"(anonymous_2)","decl":{"start":{"line":29,"column":193},"end":{"line":29,"column":194}},"loc":{"start":{"line":29,"column":199},"end":{"line":29,"column":258}},"line":29},"3":{"name":"(anonymous_3)","decl":{"start":{"line":36,"column":251},"end":{"line":36,"column":252}},"loc":{"start":{"line":36,"column":257},"end":{"line":36,"column":291}},"line":36}},"branchMap":{"0":{"loc":{"start":{"line":29,"column":76},"end":{"line":29,"column":157}},"type":"binary-expr","locations":[{"start":{"line":29,"column":76},"end":{"line":29,"column":97}},{"start":{"line":29,"column":102},"end":{"line":29,"column":157}}],"line":29},"1":{"loc":{"start":{"line":36,"column":75},"end":{"line":36,"column":214}},"type":"binary-expr","locations":[{"start":{"line":36,"column":75},"end":{"line":36,"column":96}},{"start":{"line":36,"column":100},"end":{"line":36,"column":155}},{"start":{"line":36,"column":159},"end":{"line":36,"column":214}}],"line":36},"2":{"loc":{"start":{"line":37,"column":65},"end":{"line":37,"column":151}},"type":"cond-expr","locations":[{"start":{"line":37,"column":123},"end":{"line":37,"column":146}},{"start":{"line":37,"column":149},"end":{"line":37,"column":151}}],"line":37},"3":{"loc":{"start":{"line":38,"column":53},"end":{"line":38,"column":139}},"type":"cond-expr","locations":[{"start":{"line":38,"column":111},"end":{"line":38,"column":134}},{"start":{"line":38,"column":137},"end":{"line":38,"column":139}}],"line":38}},"s":{"0":1,"1":348,"2":696,"3":23,"4":1},"f":{"0":348,"1":696,"2":23,"3":1},"b":{"0":[348,336],"1":[348,336,264],"2":[72,276],"3":[72,276]},"_coverageSchema":"1a1c01bbd47fc00a2c39e90264f33305004495a9","hash":"ea69c2cba6788825d16647ac52b5548ffeffa76d"}
,"/Users/faizal/Documents/Learning/NumberGame/src/shared/colors.js": {"path":"/Users/faizal/Documents/Learning/NumberGame/src/shared/colors.js","statementMap":{"0":{"start":{"line":10,"column":22},"end":{"line":26,"column":1}}},"fnMap":{},"branchMap":{},"s":{"0":1},"f":{},"b":{},"_coverageSchema":"1a1c01bbd47fc00a2c39e90264f33305004495a9","hash":"6d0df95334351fb0fe185f216181fdf13f5fc145"}
,"/Users/faizal/Documents/Learning/NumberGame/src/shared/constant.js": {"path":"/Users/faizal/Documents/Learning/NumberGame/src/shared/constant.js","statementMap":{"0":{"start":{"line":12,"column":23},"end":{"line":23,"column":1}}},"fnMap":{},"branchMap":{},"s":{"0":1},"f":{},"b":{},"_coverageSchema":"1a1c01bbd47fc00a2c39e90264f33305004495a9","hash":"6fede191c87111b935394aaceeebafb78b338fe2"}
,"/Users/faizal/Documents/Learning/NumberGame/src/shared/fonts.js": {"path":"/Users/faizal/Documents/Learning/NumberGame/src/shared/fonts.js","statementMap":{"0":{"start":{"line":13,"column":26},"end":{"line":71,"column":2}}},"fnMap":{},"branchMap":{},"s":{"0":1},"f":{},"b":{},"_coverageSchema":"1a1c01bbd47fc00a2c39e90264f33305004495a9","hash":"0427018aa171727392c195d03028745dec0d9307"}
,"/Users/faizal/Documents/Learning/NumberGame/src/shared/setting.js": {"path":"/Users/faizal/Documents/Learning/NumberGame/src/shared/setting.js","statementMap":{"0":{"start":{"line":15,"column":29},"end":{"line":15,"column":42}},"1":{"start":{"line":16,"column":23},"end":{"line":44,"column":1}}},"fnMap":{},"branchMap":{},"s":{"0":1,"1":1},"f":{},"b":{},"_coverageSchema":"1a1c01bbd47fc00a2c39e90264f33305004495a9","hash":"2227327be788c11f740c3ea7829809c1be8ee388"}
,"/Users/faizal/Documents/Learning/NumberGame/src/shared/sound.js": {"path":"/Users/faizal/Documents/Learning/NumberGame/src/shared/sound.js","statementMap":{"0":{"start":{"line":25,"column":25},"end":{"line":39,"column":1}},"1":{"start":{"line":27,"column":20},"end":{"line":37,"column":6}},"2":{"start":{"line":29,"column":6},"end":{"line":32,"column":7}},"3":{"start":{"line":30,"column":8},"end":{"line":30,"column":39}},"4":{"start":{"line":31,"column":8},"end":{"line":31,"column":15}},"5":{"start":{"line":34,"column":6},"end":{"line":36,"column":9}},"6":{"start":{"line":35,"column":8},"end":{"line":35,"column":30}},"7":{"start":{"line":38,"column":2},"end":{"line":38,"column":14}}},"fnMap":{"0":{"name":"(anonymous_0)","decl":{"start":{"line":25,"column":25},"end":{"line":25,"column":26}},"loc":{"start":{"line":25,"column":47},"end":{"line":39,"column":1}},"line":25},"1":{"name":"(anonymous_1)","decl":{"start":{"line":28,"column":4},"end":{"line":28,"column":5}},"loc":{"start":{"line":28,"column":22},"end":{"line":37,"column":5}},"line":28},"2":{"name":"(anonymous_2)","decl":{"start":{"line":34,"column":41},"end":{"line":34,"column":42}},"loc":{"start":{"line":34,"column":47},"end":{"line":36,"column":7}},"line":34}},"branchMap":{"0":{"loc":{"start":{"line":25,"column":32},"end":{"line":25,"column":42}},"type":"default-arg","locations":[{"start":{"line":25,"column":41},"end":{"line":25,"column":42}}],"line":25},"1":{"loc":{"start":{"line":29,"column":6},"end":{"line":32,"column":7}},"type":"if","locations":[{"start":{"line":29,"column":6},"end":{"line":32,"column":7}},{"start":{"line":29,"column":6},"end":{"line":32,"column":7}}],"line":29}},"s":{"0":1,"1":42,"2":0,"3":0,"4":0,"5":0,"6":0,"7":42},"f":{"0":42,"1":0,"2":0},"b":{"0":[42],"1":[0,0]},"_coverageSchema":"1a1c01bbd47fc00a2c39e90264f33305004495a9","hash":"a2fb14eff4c4827f93d11afa8b6abc14292b4799"}
,"/Users/faizal/Documents/Learning/NumberGame/src/shared/stylesheet.js": {"path":"/Users/faizal/Documents/Learning/NumberGame/src/shared/stylesheet.js","statementMap":{"0":{"start":{"line":22,"column":19},"end":{"line":44,"column":1}},"1":{"start":{"line":47,"column":21},"end":{"line":150,"column":1}},"2":{"start":{"line":153,"column":22},"end":{"line":168,"column":1}},"3":{"start":{"line":171,"column":19},"end":{"line":187,"column":1}},"4":{"start":{"line":190,"column":19},"end":{"line":195,"column":1}},"5":{"start":{"line":199,"column":20},"end":{"line":204,"column":1}},"6":{"start":{"line":207,"column":25},"end":{"line":208,"column":1}},"7":{"start":{"line":210,"column":22},"end":{"line":218,"column":2}}},"fnMap":{},"branchMap":{"0":{"loc":{"start":{"line":29,"column":14},"end":{"line":29,"column":47}},"type":"cond-expr","locations":[{"start":{"line":29,"column":31},"end":{"line":29,"column":42}},{"start":{"line":29,"column":45},"end":{"line":29,"column":47}}],"line":29},"1":{"loc":{"start":{"line":30,"column":17},"end":{"line":30,"column":50}},"type":"cond-expr","locations":[{"start":{"line":30,"column":34},"end":{"line":30,"column":45}},{"start":{"line":30,"column":48},"end":{"line":30,"column":50}}],"line":30},"2":{"loc":{"start":{"line":31,"column":21},"end":{"line":31,"column":53}},"type":"cond-expr","locations":[{"start":{"line":31,"column":38},"end":{"line":31,"column":48}},{"start":{"line":31,"column":51},"end":{"line":31,"column":53}}],"line":31},"3":{"loc":{"start":{"line":201,"column":9},"end":{"line":201,"column":53}},"type":"cond-expr","locations":[{"start":{"line":201,"column":26},"end":{"line":201,"column":38}},{"start":{"line":201,"column":41},"end":{"line":201,"column":53}}],"line":201},"4":{"loc":{"start":{"line":202,"column":10},"end":{"line":202,"column":54}},"type":"cond-expr","locations":[{"start":{"line":202,"column":27},"end":{"line":202,"column":39}},{"start":{"line":202,"column":42},"end":{"line":202,"column":54}}],"line":202}},"s":{"0":1,"1":1,"2":1,"3":1,"4":1,"5":1,"6":1,"7":1},"f":{},"b":{"0":[1,0],"1":[1,0],"2":[1,0],"3":[1,0],"4":[1,0]},"_coverageSchema":"1a1c01bbd47fc00a2c39e90264f33305004495a9","hash":"c4ac89107f090467189dd83a14170b30042bc1b5"}
,"/Users/faizal/Documents/Learning/NumberGame/src/shared/utils.js": {"path":"/Users/faizal/Documents/Learning/NumberGame/src/shared/utils.js","statementMap":{"0":{"start":{"line":24,"column":32},"end":{"line":45,"column":1}},"1":{"start":{"line":26,"column":15},"end":{"line":26,"column":17}},"2":{"start":{"line":27,"column":15},"end":{"line":27,"column":46}},"3":{"start":{"line":29,"column":2},"end":{"line":34,"column":3}},"4":{"start":{"line":30,"column":14},"end":{"line":30,"column":48}},"5":{"start":{"line":31,"column":4},"end":{"line":33,"column":5}},"6":{"start":{"line":32,"column":8},"end":{"line":32,"column":25}},"7":{"start":{"line":36,"column":2},"end":{"line":36,"column":33}},"8":{"start":{"line":38,"column":2},"end":{"line":43,"column":3}},"9":{"start":{"line":38,"column":14},"end":{"line":38,"column":31}},"10":{"start":{"line":39,"column":12},"end":{"line":39,"column":41}},"11":{"start":{"line":40,"column":15},"end":{"line":40,"column":24}},"12":{"start":{"line":41,"column":4},"end":{"line":41,"column":25}},"13":{"start":{"line":42,"column":4},"end":{"line":42,"column":20}},"14":{"start":{"line":44,"column":2},"end":{"line":44,"column":16}},"15":{"start":{"line":53,"column":38},"end":{"line":64,"column":1}},"16":{"start":{"line":55,"column":15},"end":{"line":55,"column":24}},"17":{"start":{"line":63,"column":2},"end":{"line":63,"column":16}},"18":{"start":{"line":72,"column":22},"end":{"line":78,"column":1}},"19":{"start":{"line":73,"column":14},"end":{"line":73,"column":19}},"20":{"start":{"line":74,"column":2},"end":{"line":76,"column":3}},"21":{"start":{"line":75,"column":4},"end":{"line":75,"column":17}},"22":{"start":{"line":77,"column":2},"end":{"line":77,"column":14}}},"fnMap":{"0":{"name":"(anonymous_0)","decl":{"start":{"line":24,"column":32},"end":{"line":24,"column":33}},"loc":{"start":{"line":24,"column":38},"end":{"line":45,"column":1}},"line":24},"1":{"name":"(anonymous_1)","decl":{"start":{"line":53,"column":38},"end":{"line":53,"column":39}},"loc":{"start":{"line":53,"column":48},"end":{"line":64,"column":1}},"line":53},"2":{"name":"(anonymous_2)","decl":{"start":{"line":72,"column":22},"end":{"line":72,"column":23}},"loc":{"start":{"line":72,"column":28},"end":{"line":78,"column":1}},"line":72}},"branchMap":{"0":{"loc":{"start":{"line":31,"column":4},"end":{"line":33,"column":5}},"type":"if","locations":[{"start":{"line":31,"column":4},"end":{"line":33,"column":5}},{"start":{"line":31,"column":4},"end":{"line":33,"column":5}}],"line":31},"1":{"loc":{"start":{"line":74,"column":2},"end":{"line":76,"column":3}},"type":"if","locations":[{"start":{"line":74,"column":2},"end":{"line":76,"column":3}},{"start":{"line":74,"column":2},"end":{"line":76,"column":3}}],"line":74},"2":{"loc":{"start":{"line":74,"column":6},"end":{"line":74,"column":46}},"type":"binary-expr","locations":[{"start":{"line":74,"column":6},"end":{"line":74,"column":27}},{"start":{"line":74,"column":31},"end":{"line":74,"column":46}}],"line":74}},"s":{"0":1,"1":1,"2":1,"3":1,"4":6,"5":6,"6":6,"7":1,"8":1,"9":1,"10":11,"11":11,"12":11,"13":11,"14":1,"15":1,"16":32,"17":32,"18":1,"19":5,"20":5,"21":5,"22":5},"f":{"0":1,"1":32,"2":5},"b":{"0":[6,0],"1":[5,0],"2":[5,5]},"_coverageSchema":"1a1c01bbd47fc00a2c39e90264f33305004495a9","hash":"b7be9a0c198ae29a163da009763fca9efaea899b"}
,"/Users/faizal/Documents/Learning/NumberGame/src/view/home.js": {"path":"/Users/faizal/Documents/Learning/NumberGame/src/view/home.js","statementMap":{"0":{"start":{"line":25,"column":26},"end":{"line":57,"column":1}},"1":{"start":{"line":34,"column":20},"end":{"line":39,"column":3}},"2":{"start":{"line":36,"column":4},"end":{"line":36,"column":50}},"3":{"start":{"line":38,"column":4},"end":{"line":38,"column":36}},"4":{"start":{"line":42,"column":2},"end":{"line":56,"column":4}},"5":{"start":{"line":46,"column":43},"end":{"line":46,"column":54}}},"fnMap":{"0":{"name":"(anonymous_0)","decl":{"start":{"line":25,"column":26},"end":{"line":25,"column":27}},"loc":{"start":{"line":25,"column":46},"end":{"line":57,"column":1}},"line":25},"1":{"name":"(anonymous_1)","decl":{"start":{"line":34,"column":20},"end":{"line":34,"column":21}},"loc":{"start":{"line":34,"column":26},"end":{"line":39,"column":3}},"line":34},"2":{"name":"(anonymous_2)","decl":{"start":{"line":46,"column":37},"end":{"line":46,"column":38}},"loc":{"start":{"line":46,"column":43},"end":{"line":46,"column":54}},"line":46}},"branchMap":{},"s":{"0":1,"1":11,"2":9,"3":9,"4":11,"5":0},"f":{"0":11,"1":9,"2":0},"b":{},"_coverageSchema":"1a1c01bbd47fc00a2c39e90264f33305004495a9","hash":"7c5dd1522f5587fbf4e44e5e54622a1864e2a3c6"}
,"/Users/faizal/Documents/Learning/NumberGame/src/view/play.js": {"path":"/Users/faizal/Documents/Learning/NumberGame/src/view/play.js","statementMap":{"0":{"start":{"line":27,"column":26},"end":{"line":234,"column":1}},"1":{"start":{"line":30,"column":20},"end":{"line":30,"column":47}},"2":{"start":{"line":31,"column":20},"end":{"line":31,"column":81}},"3":{"start":{"line":31,"column":67},"end":{"line":31,"column":79}},"4":{"start":{"line":32,"column":20},"end":{"line":32,"column":73}},"5":{"start":{"line":32,"column":54},"end":{"line":32,"column":71}},"6":{"start":{"line":35,"column":50},"end":{"line":35,"column":62}},"7":{"start":{"line":36,"column":50},"end":{"line":36,"column":123}},"8":{"start":{"line":37,"column":50},"end":{"line":37,"column":61}},"9":{"start":{"line":38,"column":50},"end":{"line":38,"column":62}},"10":{"start":{"line":39,"column":50},"end":{"line":39,"column":62}},"11":{"start":{"line":40,"column":50},"end":{"line":40,"column":62}},"12":{"start":{"line":41,"column":50},"end":{"line":41,"column":65}},"13":{"start":{"line":49,"column":20},"end":{"line":81,"column":3}},"14":{"start":{"line":51,"column":4},"end":{"line":51,"column":52}},"15":{"start":{"line":53,"column":4},"end":{"line":57,"column":7}},"16":{"start":{"line":54,"column":6},"end":{"line":56,"column":7}},"17":{"start":{"line":55,"column":8},"end":{"line":55,"column":35}},"18":{"start":{"line":58,"column":4},"end":{"line":64,"column":5}},"19":{"start":{"line":59,"column":6},"end":{"line":63,"column":9}},"20":{"start":{"line":60,"column":8},"end":{"line":62,"column":9}},"21":{"start":{"line":61,"column":10},"end":{"line":61,"column":37}},"22":{"start":{"line":67,"column":6},"end":{"line":67,"column":78}},"23":{"start":{"line":69,"column":6},"end":{"line":69,"column":18}},"24":{"start":{"line":71,"column":6},"end":{"line":71,"column":25}},"25":{"start":{"line":73,"column":6},"end":{"line":73,"column":25}},"26":{"start":{"line":75,"column":6},"end":{"line":75,"column":30}},"27":{"start":{"line":77,"column":6},"end":{"line":77,"column":29}},"28":{"start":{"line":79,"column":6},"end":{"line":79,"column":31}},"29":{"start":{"line":90,"column":19},"end":{"line":160,"column":3}},"30":{"start":{"line":92,"column":4},"end":{"line":159,"column":5}},"31":{"start":{"line":94,"column":6},"end":{"line":94,"column":51}},"32":{"start":{"line":96,"column":6},"end":{"line":96,"column":21}},"33":{"start":{"line":99,"column":19},"end":{"line":99,"column":53}},"34":{"start":{"line":100,"column":19},"end":{"line":100,"column":53}},"35":{"start":{"line":103,"column":6},"end":{"line":103,"column":26}},"36":{"start":{"line":106,"column":6},"end":{"line":106,"column":27}},"37":{"start":{"line":107,"column":6},"end":{"line":107,"column":34}},"38":{"start":{"line":110,"column":16},"end":{"line":112,"column":8}},"39":{"start":{"line":111,"column":8},"end":{"line":111,"column":33}},"40":{"start":{"line":115,"column":6},"end":{"line":158,"column":7}},"41":{"start":{"line":118,"column":27},"end":{"line":118,"column":52}},"42":{"start":{"line":119,"column":27},"end":{"line":119,"column":59}},"43":{"start":{"line":122,"column":8},"end":{"line":122,"column":56}},"44":{"start":{"line":125,"column":8},"end":{"line":125,"column":37}},"45":{"start":{"line":126,"column":8},"end":{"line":126,"column":42}},"46":{"start":{"line":129,"column":8},"end":{"line":129,"column":27}},"47":{"start":{"line":130,"column":8},"end":{"line":130,"column":32}},"48":{"start":{"line":133,"column":8},"end":{"line":133,"column":48}},"49":{"start":{"line":136,"column":8},"end":{"line":136,"column":33}},"50":{"start":{"line":139,"column":11},"end":{"line":158,"column":7}},"51":{"start":{"line":141,"column":8},"end":{"line":141,"column":32}},"52":{"start":{"line":143,"column":8},"end":{"line":153,"column":17}},"53":{"start":{"line":144,"column":10},"end":{"line":150,"column":13}},"54":{"start":{"line":145,"column":12},"end":{"line":149,"column":13}},"55":{"start":{"line":147,"column":14},"end":{"line":147,"column":59}},"56":{"start":{"line":148,"column":14},"end":{"line":148,"column":41}},"57":{"start":{"line":152,"column":10},"end":{"line":152,"column":35}},"58":{"start":{"line":156,"column":8},"end":{"line":156,"column":27}},"59":{"start":{"line":157,"column":8},"end":{"line":157,"column":32}},"60":{"start":{"line":169,"column":22},"end":{"line":196,"column":3}},"61":{"start":{"line":171,"column":4},"end":{"line":195,"column":5}},"62":{"start":{"line":173,"column":6},"end":{"line":173,"column":47}},"63":{"start":{"line":175,"column":6},"end":{"line":175,"column":30}},"64":{"start":{"line":178,"column":6},"end":{"line":194,"column":8}},"65":{"start":{"line":185,"column":27},"end":{"line":185,"column":54}},"66":{"start":{"line":189,"column":27},"end":{"line":189,"column":50}},"67":{"start":{"line":198,"column":2},"end":{"line":233,"column":4}},"68":{"start":{"line":203,"column":71},"end":{"line":203,"column":82}},"69":{"start":{"line":220,"column":14},"end":{"line":226,"column":16}}},"fnMap":{"0":{"name":"(anonymous_0)","decl":{"start":{"line":27,"column":26},"end":{"line":27,"column":27}},"loc":{"start":{"line":27,"column":46},"end":{"line":234,"column":1}},"line":27},"1":{"name":"(anonymous_1)","decl":{"start":{"line":31,"column":49},"end":{"line":31,"column":50}},"loc":{"start":{"line":31,"column":66},"end":{"line":31,"column":80}},"line":31},"2":{"name":"(anonymous_2)","decl":{"start":{"line":32,"column":36},"end":{"line":32,"column":37}},"loc":{"start":{"line":32,"column":53},"end":{"line":32,"column":72}},"line":32},"3":{"name":"(anonymous_3)","decl":{"start":{"line":49,"column":20},"end":{"line":49,"column":21}},"loc":{"start":{"line":49,"column":54},"end":{"line":81,"column":3}},"line":49},"4":{"name":"(anonymous_4)","decl":{"start":{"line":53,"column":22},"end":{"line":53,"column":23}},"loc":{"start":{"line":53,"column":30},"end":{"line":57,"column":5}},"line":53},"5":{"name":"(anonymous_5)","decl":{"start":{"line":59,"column":31},"end":{"line":59,"column":32}},"loc":{"start":{"line":59,"column":39},"end":{"line":63,"column":7}},"line":59},"6":{"name":"(anonymous_6)","decl":{"start":{"line":90,"column":19},"end":{"line":90,"column":20}},"loc":{"start":{"line":90,"column":45},"end":{"line":160,"column":3}},"line":90},"7":{"name":"(anonymous_7)","decl":{"start":{"line":110,"column":28},"end":{"line":110,"column":29}},"loc":{"start":{"line":110,"column":50},"end":{"line":112,"column":7}},"line":110},"8":{"name":"(anonymous_8)","decl":{"start":{"line":143,"column":19},"end":{"line":143,"column":20}},"loc":{"start":{"line":143,"column":25},"end":{"line":153,"column":9}},"line":143},"9":{"name":"(anonymous_9)","decl":{"start":{"line":144,"column":25},"end":{"line":144,"column":26}},"loc":{"start":{"line":144,"column":33},"end":{"line":150,"column":11}},"line":144},"10":{"name":"(anonymous_10)","decl":{"start":{"line":169,"column":22},"end":{"line":169,"column":23}},"loc":{"start":{"line":169,"column":54},"end":{"line":196,"column":3}},"line":169},"11":{"name":"(anonymous_11)","decl":{"start":{"line":185,"column":21},"end":{"line":185,"column":22}},"loc":{"start":{"line":185,"column":27},"end":{"line":185,"column":54}},"line":185},"12":{"name":"(anonymous_12)","decl":{"start":{"line":189,"column":21},"end":{"line":189,"column":22}},"loc":{"start":{"line":189,"column":27},"end":{"line":189,"column":50}},"line":189},"13":{"name":"(anonymous_13)","decl":{"start":{"line":203,"column":65},"end":{"line":203,"column":66}},"loc":{"start":{"line":203,"column":71},"end":{"line":203,"column":82}},"line":203},"14":{"name":"(anonymous_14)","decl":{"start":{"line":219,"column":25},"end":{"line":219,"column":26}},"loc":{"start":{"line":219,"column":42},"end":{"line":227,"column":13}},"line":219}},"branchMap":{"0":{"loc":{"start":{"line":49,"column":21},"end":{"line":49,"column":49}},"type":"default-arg","locations":[{"start":{"line":49,"column":33},"end":{"line":49,"column":49}}],"line":49},"1":{"loc":{"start":{"line":54,"column":6},"end":{"line":56,"column":7}},"type":"if","locations":[{"start":{"line":54,"column":6},"end":{"line":56,"column":7}},{"start":{"line":54,"column":6},"end":{"line":56,"column":7}}],"line":54},"2":{"loc":{"start":{"line":58,"column":4},"end":{"line":64,"column":5}},"type":"if","locations":[{"start":{"line":58,"column":4},"end":{"line":64,"column":5}},{"start":{"line":58,"column":4},"end":{"line":64,"column":5}}],"line":58},"3":{"loc":{"start":{"line":60,"column":8},"end":{"line":62,"column":9}},"type":"if","locations":[{"start":{"line":60,"column":8},"end":{"line":62,"column":9}},{"start":{"line":60,"column":8},"end":{"line":62,"column":9}}],"line":60},"4":{"loc":{"start":{"line":92,"column":4},"end":{"line":159,"column":5}},"type":"if","locations":[{"start":{"line":92,"column":4},"end":{"line":159,"column":5}},{"start":{"line":92,"column":4},"end":{"line":159,"column":5}}],"line":92},"5":{"loc":{"start":{"line":115,"column":6},"end":{"line":158,"column":7}},"type":"if","locations":[{"start":{"line":115,"column":6},"end":{"line":158,"column":7}},{"start":{"line":115,"column":6},"end":{"line":158,"column":7}}],"line":115},"6":{"loc":{"start":{"line":139,"column":11},"end":{"line":158,"column":7}},"type":"if","locations":[{"start":{"line":139,"column":11},"end":{"line":158,"column":7}},{"start":{"line":139,"column":11},"end":{"line":158,"column":7}}],"line":139},"7":{"loc":{"start":{"line":145,"column":12},"end":{"line":149,"column":13}},"type":"if","locations":[{"start":{"line":145,"column":12},"end":{"line":149,"column":13}},{"start":{"line":145,"column":12},"end":{"line":149,"column":13}}],"line":145},"8":{"loc":{"start":{"line":171,"column":4},"end":{"line":195,"column":5}},"type":"if","locations":[{"start":{"line":171,"column":4},"end":{"line":195,"column":5}},{"start":{"line":171,"column":4},"end":{"line":195,"column":5}}],"line":171},"9":{"loc":{"start":{"line":211,"column":92},"end":{"line":211,"column":109}},"type":"cond-expr","locations":[{"start":{"line":211,"column":100},"end":{"line":211,"column":105}},{"start":{"line":211,"column":108},"end":{"line":211,"column":109}}],"line":211}},"s":{"0":1,"1":29,"2":29,"3":348,"4":29,"5":348,"6":29,"7":29,"8":29,"9":29,"10":29,"11":29,"12":29,"13":29,"14":2,"15":2,"16":0,"17":0,"18":2,"19":2,"20":0,"21":0,"22":2,"23":2,"24":2,"25":2,"26":2,"27":2,"28":2,"29":29,"30":23,"31":23,"32":23,"33":23,"34":23,"35":23,"36":23,"37":23,"38":23,"39":8,"40":23,"41":6,"42":6,"43":6,"44":6,"45":6,"46":6,"47":6,"48":6,"49":6,"50":17,"51":2,"52":2,"53":0,"54":0,"55":0,"56":0,"57":0,"58":2,"59":2,"60":29,"61":6,"62":1,"63":1,"64":1,"65":0,"66":0,"67":29,"68":2,"69":116},"f":{"0":29,"1":348,"2":348,"3":2,"4":0,"5":0,"6":23,"7":8,"8":0,"9":0,"10":6,"11":0,"12":0,"13":2,"14":116},"b":{"0":[2],"1":[0,0],"2":[2,0],"3":[0,0],"4":[23,0],"5":[6,17],"6":[2,15],"7":[0,0],"8":[1,5],"9":[18,11]},"_coverageSchema":"1a1c01bbd47fc00a2c39e90264f33305004495a9","hash":"a63375de977aecd4885bba1a55b764cf64d71ec6"}
}
