{"/Users/faizal/Documents/Learning/NumberGame/App.js": {"path":"/Users/faizal/Documents/Learning/NumberGame/App.js","statementMap":{"0":{"start":{"line":20,"column":40},"end":{"line":20,"column":67}},"1":{"start":{"line":21,"column":40},"end":{"line":21,"column":101}},"2":{"start":{"line":21,"column":87},"end":{"line":21,"column":99}},"3":{"start":{"line":22,"column":40},"end":{"line":22,"column":93}},"4":{"start":{"line":22,"column":74},"end":{"line":22,"column":91}},"5":{"start":{"line":25,"column":40},"end":{"line":25,"column":113}},"6":{"start":{"line":26,"column":40},"end":{"line":26,"column":51}},"7":{"start":{"line":27,"column":40},"end":{"line":27,"column":52}},"8":{"start":{"line":28,"column":50},"end":{"line":28,"column":62}},"9":{"start":{"line":29,"column":40},"end":{"line":29,"column":52}},"10":{"start":{"line":30,"column":50},"end":{"line":30,"column":62}},"11":{"start":{"line":38,"column":20},"end":{"line":51,"column":3}},"12":{"start":{"line":39,"column":4},"end":{"line":41,"column":7}},"13":{"start":{"line":40,"column":6},"end":{"line":40,"column":33}},"14":{"start":{"line":43,"column":4},"end":{"line":43,"column":76}},"15":{"start":{"line":46,"column":4},"end":{"line":46,"column":16}},"16":{"start":{"line":47,"column":4},"end":{"line":47,"column":23}},"17":{"start":{"line":48,"column":4},"end":{"line":48,"column":23}},"18":{"start":{"line":49,"column":4},"end":{"line":49,"column":28}},"19":{"start":{"line":50,"column":4},"end":{"line":50,"column":27}},"20":{"start":{"line":59,"column":19},"end":{"line":89,"column":3}},"21":{"start":{"line":60,"column":4},"end":{"line":88,"column":5}},"22":{"start":{"line":61,"column":19},"end":{"line":61,"column":53}},"23":{"start":{"line":62,"column":19},"end":{"line":62,"column":53}},"24":{"start":{"line":63,"column":6},"end":{"line":63,"column":26}},"25":{"start":{"line":64,"column":6},"end":{"line":64,"column":27}},"26":{"start":{"line":65,"column":6},"end":{"line":65,"column":34}},"27":{"start":{"line":66,"column":16},"end":{"line":68,"column":8}},"28":{"start":{"line":67,"column":8},"end":{"line":67,"column":33}},"29":{"start":{"line":69,"column":6},"end":{"line":87,"column":7}},"30":{"start":{"line":70,"column":29},"end":{"line":70,"column":54}},"31":{"start":{"line":71,"column":29},"end":{"line":71,"column":61}},"32":{"start":{"line":72,"column":10},"end":{"line":72,"column":39}},"33":{"start":{"line":73,"column":10},"end":{"line":73,"column":44}},"34":{"start":{"line":74,"column":10},"end":{"line":74,"column":29}},"35":{"start":{"line":75,"column":10},"end":{"line":75,"column":34}},"36":{"start":{"line":76,"column":10},"end":{"line":76,"column":50}},"37":{"start":{"line":77,"column":13},"end":{"line":87,"column":7}},"38":{"start":{"line":78,"column":8},"end":{"line":84,"column":17}},"39":{"start":{"line":79,"column":10},"end":{"line":83,"column":13}},"40":{"start":{"line":80,"column":12},"end":{"line":82,"column":13}},"41":{"start":{"line":81,"column":14},"end":{"line":81,"column":41}},"42":{"start":{"line":85,"column":8},"end":{"line":85,"column":27}},"43":{"start":{"line":86,"column":8},"end":{"line":86,"column":32}},"44":{"start":{"line":91,"column":22},"end":{"line":107,"column":3}},"45":{"start":{"line":92,"column":4},"end":{"line":106,"column":5}},"46":{"start":{"line":93,"column":6},"end":{"line":105,"column":8}},"47":{"start":{"line":100,"column":27},"end":{"line":100,"column":50}},"48":{"start":{"line":109,"column":2},"end":{"line":142,"column":4}},"49":{"start":{"line":114,"column":71},"end":{"line":114,"column":82}},"50":{"start":{"line":121,"column":14},"end":{"line":136,"column":16}},"51":{"start":{"line":123,"column":65},"end":{"line":123,"column":95}},"52":{"start":{"line":124,"column":190},"end":{"line":124,"column":221}},"53":{"start":{"line":124,"column":222},"end":{"line":124,"column":240}},"54":{"start":{"line":125,"column":230},"end":{"line":125,"column":260}},"55":{"start":{"line":127,"column":65},"end":{"line":127,"column":95}},"56":{"start":{"line":128,"column":190},"end":{"line":128,"column":221}},"57":{"start":{"line":128,"column":222},"end":{"line":128,"column":240}},"58":{"start":{"line":129,"column":230},"end":{"line":129,"column":260}},"59":{"start":{"line":131,"column":65},"end":{"line":131,"column":95}},"60":{"start":{"line":132,"column":190},"end":{"line":132,"column":221}},"61":{"start":{"line":132,"column":222},"end":{"line":132,"column":240}},"62":{"start":{"line":133,"column":230},"end":{"line":133,"column":260}}},"fnMap":{"0":{"name":"(anonymous_0)","decl":{"start":{"line":17,"column":22},"end":{"line":17,"column":23}},"loc":{"start":{"line":17,"column":33},"end":{"line":143,"column":1}},"line":17},"1":{"name":"(anonymous_1)","decl":{"start":{"line":21,"column":69},"end":{"line":21,"column":70}},"loc":{"start":{"line":21,"column":86},"end":{"line":21,"column":100}},"line":21},"2":{"name":"(anonymous_2)","decl":{"start":{"line":22,"column":56},"end":{"line":22,"column":57}},"loc":{"start":{"line":22,"column":73},"end":{"line":22,"column":92}},"line":22},"3":{"name":"(anonymous_3)","decl":{"start":{"line":38,"column":20},"end":{"line":38,"column":21}},"loc":{"start":{"line":38,"column":54},"end":{"line":51,"column":3}},"line":38},"4":{"name":"(anonymous_4)","decl":{"start":{"line":39,"column":22},"end":{"line":39,"column":23}},"loc":{"start":{"line":39,"column":30},"end":{"line":41,"column":5}},"line":39},"5":{"name":"(anonymous_5)","decl":{"start":{"line":59,"column":19},"end":{"line":59,"column":20}},"loc":{"start":{"line":59,"column":36},"end":{"line":89,"column":3}},"line":59},"6":{"name":"(anonymous_6)","decl":{"start":{"line":66,"column":28},"end":{"line":66,"column":29}},"loc":{"start":{"line":66,"column":50},"end":{"line":68,"column":7}},"line":66},"7":{"name":"(anonymous_7)","decl":{"start":{"line":78,"column":19},"end":{"line":78,"column":20}},"loc":{"start":{"line":78,"column":25},"end":{"line":84,"column":9}},"line":78},"8":{"name":"(anonymous_8)","decl":{"start":{"line":79,"column":25},"end":{"line":79,"column":26}},"loc":{"start":{"line":79,"column":33},"end":{"line":83,"column":11}},"line":79},"9":{"name":"(anonymous_9)","decl":{"start":{"line":91,"column":22},"end":{"line":91,"column":23}},"loc":{"start":{"line":91,"column":54},"end":{"line":107,"column":3}},"line":91},"10":{"name":"(anonymous_10)","decl":{"start":{"line":100,"column":21},"end":{"line":100,"column":22}},"loc":{"start":{"line":100,"column":27},"end":{"line":100,"column":50}},"line":100},"11":{"name":"(anonymous_11)","decl":{"start":{"line":114,"column":65},"end":{"line":114,"column":66}},"loc":{"start":{"line":114,"column":71},"end":{"line":114,"column":82}},"line":114},"12":{"name":"(anonymous_12)","decl":{"start":{"line":120,"column":25},"end":{"line":120,"column":26}},"loc":{"start":{"line":120,"column":42},"end":{"line":137,"column":13}},"line":120},"13":{"name":"(anonymous_13)","decl":{"start":{"line":123,"column":53},"end":{"line":123,"column":54}},"loc":{"start":{"line":123,"column":65},"end":{"line":123,"column":95}},"line":123},"14":{"name":"(anonymous_14)","decl":{"start":{"line":124,"column":183},"end":{"line":124,"column":184}},"loc":{"start":{"line":124,"column":189},"end":{"line":124,"column":241}},"line":124},"15":{"name":"(anonymous_15)","decl":{"start":{"line":125,"column":224},"end":{"line":125,"column":225}},"loc":{"start":{"line":125,"column":230},"end":{"line":125,"column":260}},"line":125},"16":{"name":"(anonymous_16)","decl":{"start":{"line":127,"column":53},"end":{"line":127,"column":54}},"loc":{"start":{"line":127,"column":65},"end":{"line":127,"column":95}},"line":127},"17":{"name":"(anonymous_17)","decl":{"start":{"line":128,"column":183},"end":{"line":128,"column":184}},"loc":{"start":{"line":128,"column":189},"end":{"line":128,"column":241}},"line":128},"18":{"name":"(anonymous_18)","decl":{"start":{"line":129,"column":224},"end":{"line":129,"column":225}},"loc":{"start":{"line":129,"column":230},"end":{"line":129,"column":260}},"line":129},"19":{"name":"(anonymous_19)","decl":{"start":{"line":131,"column":53},"end":{"line":131,"column":54}},"loc":{"start":{"line":131,"column":65},"end":{"line":131,"column":95}},"line":131},"20":{"name":"(anonymous_20)","decl":{"start":{"line":132,"column":183},"end":{"line":132,"column":184}},"loc":{"start":{"line":132,"column":189},"end":{"line":132,"column":241}},"line":132},"21":{"name":"(anonymous_21)","decl":{"start":{"line":133,"column":224},"end":{"line":133,"column":225}},"loc":{"start":{"line":133,"column":230},"end":{"line":133,"column":260}},"line":133}},"branchMap":{"0":{"loc":{"start":{"line":38,"column":21},"end":{"line":38,"column":49}},"type":"default-arg","locations":[{"start":{"line":38,"column":33},"end":{"line":38,"column":49}}],"line":38},"1":{"loc":{"start":{"line":60,"column":4},"end":{"line":88,"column":5}},"type":"if","locations":[{"start":{"line":60,"column":4},"end":{"line":88,"column":5}},{"start":{"line":60,"column":4},"end":{"line":88,"column":5}}],"line":60},"2":{"loc":{"start":{"line":69,"column":6},"end":{"line":87,"column":7}},"type":"if","locations":[{"start":{"line":69,"column":6},"end":{"line":87,"column":7}},{"start":{"line":69,"column":6},"end":{"line":87,"column":7}}],"line":69},"3":{"loc":{"start":{"line":77,"column":13},"end":{"line":87,"column":7}},"type":"if","locations":[{"start":{"line":77,"column":13},"end":{"line":87,"column":7}},{"start":{"line":77,"column":13},"end":{"line":87,"column":7}}],"line":77},"4":{"loc":{"start":{"line":80,"column":12},"end":{"line":82,"column":13}},"type":"if","locations":[{"start":{"line":80,"column":12},"end":{"line":82,"column":13}},{"start":{"line":80,"column":12},"end":{"line":82,"column":13}}],"line":80},"5":{"loc":{"start":{"line":92,"column":4},"end":{"line":106,"column":5}},"type":"if","locations":[{"start":{"line":92,"column":4},"end":{"line":106,"column":5}},{"start":{"line":92,"column":4},"end":{"line":106,"column":5}}],"line":92},"6":{"loc":{"start":{"line":124,"column":82},"end":{"line":124,"column":147}},"type":"binary-expr","locations":[{"start":{"line":124,"column":82},"end":{"line":124,"column":104}},{"start":{"line":124,"column":108},"end":{"line":124,"column":147}}],"line":124},"7":{"loc":{"start":{"line":125,"column":81},"end":{"line":125,"column":189}},"type":"binary-expr","locations":[{"start":{"line":125,"column":81},"end":{"line":125,"column":103}},{"start":{"line":125,"column":107},"end":{"line":125,"column":146}},{"start":{"line":125,"column":150},"end":{"line":125,"column":189}}],"line":125},"8":{"loc":{"start":{"line":128,"column":82},"end":{"line":128,"column":147}},"type":"binary-expr","locations":[{"start":{"line":128,"column":82},"end":{"line":128,"column":104}},{"start":{"line":128,"column":108},"end":{"line":128,"column":147}}],"line":128},"9":{"loc":{"start":{"line":129,"column":81},"end":{"line":129,"column":189}},"type":"binary-expr","locations":[{"start":{"line":129,"column":81},"end":{"line":129,"column":103}},{"start":{"line":129,"column":107},"end":{"line":129,"column":146}},{"start":{"line":129,"column":150},"end":{"line":129,"column":189}}],"line":129},"10":{"loc":{"start":{"line":132,"column":82},"end":{"line":132,"column":147}},"type":"binary-expr","locations":[{"start":{"line":132,"column":82},"end":{"line":132,"column":104}},{"start":{"line":132,"column":108},"end":{"line":132,"column":147}}],"line":132},"11":{"loc":{"start":{"line":133,"column":81},"end":{"line":133,"column":189}},"type":"binary-expr","locations":[{"start":{"line":133,"column":81},"end":{"line":133,"column":103}},{"start":{"line":133,"column":107},"end":{"line":133,"column":146}},{"start":{"line":133,"column":150},"end":{"line":133,"column":189}}],"line":133}},"s":{"0":40,"1":40,"2":480,"3":40,"4":480,"5":40,"6":40,"7":40,"8":40,"9":40,"10":40,"11":40,"12":2,"13":4,"14":2,"15":2,"16":2,"17":2,"18":2,"19":2,"20":40,"21":25,"22":25,"23":25,"24":25,"25":25,"26":25,"27":25,"28":11,"29":25,"30":9,"31":9,"32":9,"33":9,"34":9,"35":9,"36":9,"37":16,"38":2,"39":2,"40":4,"41":4,"42":2,"43":2,"44":40,"45":9,"46":1,"47":0,"48":40,"49":2,"50":160,"51":316,"52":11,"53":11,"54":1,"55":316,"56":9,"57":9,"58":1,"59":316,"60":5,"61":5,"62":1},"f":{"0":40,"1":480,"2":480,"3":2,"4":4,"5":25,"6":11,"7":2,"8":4,"9":9,"10":0,"11":2,"12":160,"13":316,"14":11,"15":1,"16":316,"17":9,"18":1,"19":316,"20":5,"21":1},"b":{"0":[2],"1":[25,0],"2":[9,16],"3":[2,14],"4":[4,0],"5":[1,8],"6":[160,160],"7":[160,160,120],"8":[160,160],"9":[160,160,134],"10":[160,160],"11":[160,160,144]},"_coverageSchema":"1a1c01bbd47fc00a2c39e90264f33305004495a9","hash":"441d158f504f4afa3d45f407e6c3d0a93bb58f94"}
,"/Users/faizal/Documents/Learning/NumberGame/src/shared/constant.js": {"path":"/Users/faizal/Documents/Learning/NumberGame/src/shared/constant.js","statementMap":{"0":{"start":{"line":12,"column":23},"end":{"line":15,"column":1}}},"fnMap":{},"branchMap":{},"s":{"0":1},"f":{},"b":{},"_coverageSchema":"1a1c01bbd47fc00a2c39e90264f33305004495a9","hash":"3a1cc6f8fa89b3894973c587cd09543f8e61737d"}
,"/Users/faizal/Documents/Learning/NumberGame/src/shared/stylesheet.js": {"path":"/Users/faizal/Documents/Learning/NumberGame/src/shared/stylesheet.js","statementMap":{"0":{"start":{"line":16,"column":19},"end":{"line":82,"column":1}},"1":{"start":{"line":83,"column":22},"end":{"line":85,"column":2}}},"fnMap":{},"branchMap":{},"s":{"0":1,"1":1},"f":{},"b":{},"_coverageSchema":"1a1c01bbd47fc00a2c39e90264f33305004495a9","hash":"9db46aee96a2aa41b1276538ab83e6d7c905c683"}
,"/Users/faizal/Documents/Learning/NumberGame/src/shared/utils.js": {"path":"/Users/faizal/Documents/Learning/NumberGame/src/shared/utils.js","statementMap":{"0":{"start":{"line":23,"column":32},"end":{"line":44,"column":1}},"1":{"start":{"line":25,"column":15},"end":{"line":25,"column":17}},"2":{"start":{"line":26,"column":15},"end":{"line":26,"column":46}},"3":{"start":{"line":28,"column":2},"end":{"line":33,"column":3}},"4":{"start":{"line":29,"column":14},"end":{"line":29,"column":48}},"5":{"start":{"line":30,"column":4},"end":{"line":32,"column":5}},"6":{"start":{"line":31,"column":8},"end":{"line":31,"column":25}},"7":{"start":{"line":35,"column":2},"end":{"line":35,"column":33}},"8":{"start":{"line":37,"column":2},"end":{"line":42,"column":3}},"9":{"start":{"line":37,"column":14},"end":{"line":37,"column":31}},"10":{"start":{"line":38,"column":12},"end":{"line":38,"column":41}},"11":{"start":{"line":39,"column":15},"end":{"line":39,"column":24}},"12":{"start":{"line":40,"column":4},"end":{"line":40,"column":25}},"13":{"start":{"line":41,"column":4},"end":{"line":41,"column":20}},"14":{"start":{"line":43,"column":2},"end":{"line":43,"column":16}},"15":{"start":{"line":52,"column":38},"end":{"line":63,"column":1}},"16":{"start":{"line":54,"column":15},"end":{"line":54,"column":24}},"17":{"start":{"line":62,"column":2},"end":{"line":62,"column":16}}},"fnMap":{"0":{"name":"(anonymous_0)","decl":{"start":{"line":23,"column":32},"end":{"line":23,"column":33}},"loc":{"start":{"line":23,"column":38},"end":{"line":44,"column":1}},"line":23},"1":{"name":"(anonymous_1)","decl":{"start":{"line":52,"column":38},"end":{"line":52,"column":39}},"loc":{"start":{"line":52,"column":48},"end":{"line":63,"column":1}},"line":52}},"branchMap":{"0":{"loc":{"start":{"line":30,"column":4},"end":{"line":32,"column":5}},"type":"if","locations":[{"start":{"line":30,"column":4},"end":{"line":32,"column":5}},{"start":{"line":30,"column":4},"end":{"line":32,"column":5}}],"line":30}},"s":{"0":1,"1":1,"2":1,"3":1,"4":6,"5":6,"6":6,"7":1,"8":1,"9":1,"10":11,"11":11,"12":11,"13":11,"14":1,"15":1,"16":43,"17":43},"f":{"0":1,"1":43},"b":{"0":[6,0]},"_coverageSchema":"1a1c01bbd47fc00a2c39e90264f33305004495a9","hash":"6bea3082d88ce597728aec488e009edd042d266c"}
}
