TN:
SF:App.js
FN:29,(anonymous_0)
FN:43,(anonymous_1)
FNF:2
FNH:2
FNDA:11,(anonymous_0)
FNDA:11,(anonymous_1)
DA:32,11
DA:35,11
DA:43,11
DA:45,11
DA:48,11
LF:5
LH:5
BRF:0
BRH:0
end_of_record
TN:
SF:assets/index.js
FNF:0
FNH:0
DA:1,1
LF:1
LH:1
BRF:0
BRH:0
end_of_record
TN:
SF:src/component/complex/card.js
FN:24,(anonymous_0)
FN:28,(anonymous_1)
FN:29,(anonymous_2)
FN:36,(anonymous_3)
FNF:4
FNH:4
FNDA:324,(anonymous_0)
FNDA:648,(anonymous_1)
FNDA:23,(anonymous_2)
FNDA:1,(anonymous_3)
DA:24,1
DA:27,324
DA:28,648
DA:29,23
DA:36,1
LF:5
LH:5
BRDA:29,0,0,324
BRDA:29,0,1,312
BRDA:36,1,0,324
BRDA:36,1,1,312
BRDA:36,1,2,240
BRDA:37,2,0,72
BRDA:37,2,1,252
BRDA:38,3,0,72
BRDA:38,3,1,252
BRF:9
BRH:9
end_of_record
TN:
SF:src/shared/colors.js
FNF:0
FNH:0
DA:10,1
LF:1
LH:1
BRF:0
BRH:0
end_of_record
TN:
SF:src/shared/constant.js
FNF:0
FNH:0
DA:12,1
LF:1
LH:1
BRF:0
BRH:0
end_of_record
TN:
SF:src/shared/fonts.js
FNF:0
FNH:0
DA:13,1
LF:1
LH:1
BRF:0
BRH:0
end_of_record
TN:
SF:src/shared/setting.js
FNF:0
FNH:0
DA:15,1
DA:16,1
LF:2
LH:2
BRF:0
BRH:0
end_of_record
TN:
SF:src/shared/sound.js
FN:25,(anonymous_0)
FN:28,(anonymous_1)
FN:34,(anonymous_2)
FNF:3
FNH:1
FNDA:42,(anonymous_0)
FNDA:0,(anonymous_1)
FNDA:0,(anonymous_2)
DA:25,1
DA:27,42
DA:29,0
DA:30,0
DA:31,0
DA:34,0
DA:35,0
DA:38,42
LF:8
LH:3
BRDA:25,0,0,42
BRDA:29,1,0,0
BRDA:29,1,1,0
BRF:3
BRH:1
end_of_record
TN:
SF:src/shared/stylesheet.js
FNF:0
FNH:0
DA:22,1
DA:47,1
DA:153,1
DA:171,1
DA:190,1
DA:199,1
DA:207,1
DA:210,1
LF:8
LH:8
BRDA:29,0,0,1
BRDA:29,0,1,0
BRDA:30,1,0,1
BRDA:30,1,1,0
BRDA:31,2,0,1
BRDA:31,2,1,0
BRDA:201,3,0,1
BRDA:201,3,1,0
BRDA:202,4,0,1
BRDA:202,4,1,0
BRF:10
BRH:5
end_of_record
TN:
SF:src/shared/utils.js
FN:24,(anonymous_0)
FN:53,(anonymous_1)
FN:72,(anonymous_2)
FNF:3
FNH:3
FNDA:1,(anonymous_0)
FNDA:28,(anonymous_1)
FNDA:5,(anonymous_2)
DA:24,1
DA:26,1
DA:27,1
DA:29,1
DA:30,7
DA:31,7
DA:32,6
DA:36,1
DA:38,1
DA:39,11
DA:40,11
DA:41,11
DA:42,11
DA:44,1
DA:53,1
DA:55,28
DA:63,28
DA:72,1
DA:73,5
DA:74,5
DA:75,5
DA:77,5
LF:22
LH:22
BRDA:31,0,0,6
BRDA:31,0,1,1
BRDA:74,1,0,5
BRDA:74,1,1,0
BRDA:74,2,0,5
BRDA:74,2,1,5
BRF:6
BRH:5
end_of_record
TN:
SF:src/view/home.js
FN:25,(anonymous_0)
FN:34,(anonymous_1)
FN:46,(anonymous_2)
FNF:3
FNH:2
FNDA:11,(anonymous_0)
FNDA:9,(anonymous_1)
FNDA:0,(anonymous_2)
DA:25,1
DA:34,11
DA:36,9
DA:38,9
DA:42,11
DA:46,0
LF:6
LH:5
BRF:0
BRH:0
end_of_record
TN:
SF:src/view/play.js
FN:27,(anonymous_0)
FN:31,(anonymous_1)
FN:32,(anonymous_2)
FN:49,(anonymous_3)
FN:53,(anonymous_4)
FN:59,(anonymous_5)
FN:65,(anonymous_6)
FN:90,(anonymous_7)
FN:110,(anonymous_8)
FN:143,(anonymous_9)
FN:144,(anonymous_10)
FN:169,(anonymous_11)
FN:185,(anonymous_12)
FN:189,(anonymous_13)
FN:203,(anonymous_14)
FN:219,(anonymous_15)
FNF:16
FNH:9
FNDA:27,(anonymous_0)
FNDA:324,(anonymous_1)
FNDA:324,(anonymous_2)
FNDA:2,(anonymous_3)
FNDA:0,(anonymous_4)
FNDA:0,(anonymous_5)
FNDA:0,(anonymous_6)
FNDA:23,(anonymous_7)
FNDA:8,(anonymous_8)
FNDA:0,(anonymous_9)
FNDA:0,(anonymous_10)
FNDA:6,(anonymous_11)
FNDA:0,(anonymous_12)
FNDA:0,(anonymous_13)
FNDA:2,(anonymous_14)
FNDA:108,(anonymous_15)
DA:27,1
DA:30,27
DA:31,324
DA:32,324
DA:35,27
DA:36,27
DA:37,27
DA:38,27
DA:39,27
DA:40,27
DA:41,27
DA:49,27
DA:51,2
DA:53,2
DA:54,0
DA:55,0
DA:58,2
DA:59,2
DA:60,0
DA:61,0
DA:65,2
DA:67,0
DA:69,0
DA:71,0
DA:73,0
DA:75,0
DA:77,0
DA:79,0
DA:90,27
DA:92,23
DA:94,23
DA:96,23
DA:99,23
DA:100,23
DA:103,23
DA:106,23
DA:107,23
DA:110,23
DA:111,8
DA:115,23
DA:118,6
DA:119,6
DA:122,6
DA:125,6
DA:126,6
DA:129,6
DA:130,6
DA:133,6
DA:136,6
DA:139,17
DA:141,2
DA:143,2
DA:144,0
DA:145,0
DA:147,0
DA:148,0
DA:152,0
DA:156,2
DA:157,2
DA:169,27
DA:171,6
DA:173,1
DA:175,1
DA:178,1
DA:185,0
DA:189,0
DA:198,27
DA:203,2
DA:220,108
LF:69
LH:51
BRDA:49,0,0,2
BRDA:54,1,0,0
BRDA:54,1,1,0
BRDA:58,2,0,2
BRDA:58,2,1,0
BRDA:60,3,0,0
BRDA:60,3,1,0
BRDA:92,4,0,23
BRDA:92,4,1,0
BRDA:115,5,0,6
BRDA:115,5,1,17
BRDA:139,6,0,2
BRDA:139,6,1,15
BRDA:145,7,0,0
BRDA:145,7,1,0
BRDA:171,8,0,1
BRDA:171,8,1,5
BRDA:211,9,0,18
BRDA:211,9,1,9
BRF:19
BRH:11
end_of_record
