TN:
SF:App.js
FN:17,(anonymous_0)
FN:21,(anonymous_1)
FN:22,(anonymous_2)
FN:38,(anonymous_3)
FN:39,(anonymous_4)
FN:59,(anonymous_5)
FN:66,(anonymous_6)
FN:78,(anonymous_7)
FN:79,(anonymous_8)
FN:91,(anonymous_9)
FN:100,(anonymous_10)
FN:114,(anonymous_11)
FN:120,(anonymous_12)
FN:123,(anonymous_13)
FN:124,(anonymous_14)
FN:125,(anonymous_15)
FN:127,(anonymous_16)
FN:128,(anonymous_17)
FN:129,(anonymous_18)
FN:131,(anonymous_19)
FN:132,(anonymous_20)
FN:133,(anonymous_21)
FNF:22
FNH:21
FNDA:40,(anonymous_0)
FNDA:480,(anonymous_1)
FNDA:480,(anonymous_2)
FNDA:2,(anonymous_3)
FNDA:4,(anonymous_4)
FNDA:25,(anonymous_5)
FNDA:11,(anonymous_6)
FNDA:2,(anonymous_7)
FNDA:4,(anonymous_8)
FNDA:9,(anonymous_9)
FNDA:0,(anonymous_10)
FNDA:2,(anonymous_11)
FNDA:160,(anonymous_12)
FNDA:316,(anonymous_13)
FNDA:11,(anonymous_14)
FNDA:1,(anonymous_15)
FNDA:316,(anonymous_16)
FNDA:9,(anonymous_17)
FNDA:1,(anonymous_18)
FNDA:316,(anonymous_19)
FNDA:5,(anonymous_20)
FNDA:1,(anonymous_21)
DA:20,40
DA:21,480
DA:22,480
DA:25,40
DA:26,40
DA:27,40
DA:28,40
DA:29,40
DA:30,40
DA:38,40
DA:39,2
DA:40,4
DA:43,2
DA:46,2
DA:47,2
DA:48,2
DA:49,2
DA:50,2
DA:59,40
DA:60,25
DA:61,25
DA:62,25
DA:63,25
DA:64,25
DA:65,25
DA:66,25
DA:67,11
DA:69,25
DA:70,9
DA:71,9
DA:72,9
DA:73,9
DA:74,9
DA:75,9
DA:76,9
DA:77,16
DA:78,2
DA:79,2
DA:80,4
DA:81,4
DA:85,2
DA:86,2
DA:91,40
DA:92,9
DA:93,1
DA:100,0
DA:109,40
DA:114,2
DA:121,160
DA:123,316
DA:124,11
DA:125,1
DA:127,316
DA:128,9
DA:129,1
DA:131,316
DA:132,5
DA:133,1
LF:58
LH:57
BRDA:38,0,0,2
BRDA:60,1,0,25
BRDA:60,1,1,0
BRDA:69,2,0,9
BRDA:69,2,1,16
BRDA:77,3,0,2
BRDA:77,3,1,14
BRDA:80,4,0,4
BRDA:80,4,1,0
BRDA:92,5,0,1
BRDA:92,5,1,8
BRDA:124,6,0,160
BRDA:124,6,1,160
BRDA:125,7,0,160
BRDA:125,7,1,160
BRDA:125,7,2,120
BRDA:128,8,0,160
BRDA:128,8,1,160
BRDA:129,9,0,160
BRDA:129,9,1,160
BRDA:129,9,2,134
BRDA:132,10,0,160
BRDA:132,10,1,160
BRDA:133,11,0,160
BRDA:133,11,1,160
BRDA:133,11,2,144
BRF:26
BRH:24
end_of_record
TN:
SF:src/shared/constant.js
FNF:0
FNH:0
DA:12,1
LF:1
LH:1
BRF:0
BRH:0
end_of_record
TN:
SF:src/shared/stylesheet.js
FNF:0
FNH:0
DA:16,1
DA:83,1
LF:2
LH:2
BRF:0
BRH:0
end_of_record
TN:
SF:src/shared/utils.js
FN:23,(anonymous_0)
FN:52,(anonymous_1)
FNF:2
FNH:2
FNDA:1,(anonymous_0)
FNDA:43,(anonymous_1)
DA:23,1
DA:25,1
DA:26,1
DA:28,1
DA:29,6
DA:30,6
DA:31,6
DA:35,1
DA:37,1
DA:38,11
DA:39,11
DA:40,11
DA:41,11
DA:43,1
DA:52,1
DA:54,43
DA:62,43
LF:17
LH:17
BRDA:30,0,0,6
BRDA:30,0,1,0
BRF:2
BRH:1
end_of_record
